# JRE version: Java(TM) SE Runtime Environment (8.0_231-b11) (build 1.8.0_231-b11)
# Java VM: Java HotSpot(TM) 64-Bit Server VM (25.231-b11 mixed mode bsd-amd64 compressed oops)
Heap:
 PSYoungGen      total 613888K, used 41716K [0x0000000795580000, 0x00000007bfa00000, 0x00000007c0000000)
  eden space 573440K, 0% used [0x0000000795580000,0x0000000795738ee8,0x00000007b8580000)
  from space 40448K, 98% used [0x00000007bd280000,0x00000007bf9841b0,0x00000007bfa00000)
  to   space 51200K, 0% used [0x00000007b9600000,0x00000007b9600000,0x00000007bc800000)
 ParOldGen       total 122368K, used 81146K [0x0000000740000000, 0x0000000747780000, 0x0000000795580000)
  object space 122368K, 66% used [0x0000000740000000,0x0000000744f3e898,0x0000000747780000)
 Metaspace       used 66656K, capacity 75370K, committed 75560K, reserved 1110016K
  class space    used 11332K, capacity 15299K, committed 15408K, reserved 1048576K
GC Heap History (10 events):
Event: 778.597 GC heap before
{Heap before GC invocations=19 (full 3):
 PSYoungGen      total 571904K, used 571704K [0x0000000795580000, 0x00000007c0000000, 0x00000007c0000000)
  eden space 545792K, 100% used [0x0000000795580000,0x00000007b6a80000,0x00000007b6a80000)
  from space 26112K, 99% used [0x00000007b6a80000,0x00000007b83ce1c0,0x00000007b8400000)
  to   space 29696K, 0% used [0x00000007be300000,0x00000007be300000,0x00000007c0000000)
 ParOldGen       total 122368K, used 52755K [0x0000000740000000, 0x0000000747780000, 0x0000000795580000)
  object space 122368K, 43% used [0x0000000740000000,0x0000000743384e38,0x0000000747780000)
 Metaspace       used 63179K, capacity 69934K, committed 70184K, reserved 1105920K
  class space    used 10787K, capacity 13793K, committed 13872K, reserved 1048576K
Event: 778.618 GC heap after
Heap after GC invocations=19 (full 3):
 PSYoungGen      total 663040K, used 27118K [0x0000000795580000, 0x00000007c0000000, 0x00000007c0000000)
  eden space 633344K, 0% used [0x0000000795580000,0x0000000795580000,0x00000007bc000000)
  from space 29696K, 91% used [0x00000007be300000,0x00000007bfd7baf8,0x00000007c0000000)
  to   space 32768K, 0% used [0x00000007bc000000,0x00000007bc000000,0x00000007be000000)
 ParOldGen       total 122368K, used 52763K [0x0000000740000000, 0x0000000747780000, 0x0000000795580000)
  object space 122368K, 43% used [0x0000000740000000,0x0000000743386e38,0x0000000747780000)
 Metaspace       used 63179K, capacity 69934K, committed 70184K, reserved 1105920K
  class space    used 10787K, capacity 13793K, committed 13872K, reserved 1048576K
}
Event: 1149.665 GC heap before
{Heap before GC invocations=20 (full 3):
 PSYoungGen      total 663040K, used 658259K [0x0000000795580000, 0x00000007c0000000, 0x00000007c0000000)
  eden space 633344K, 99% used [0x0000000795580000,0x00000007bbdd94d8,0x00000007bc000000)
  from space 29696K, 91% used [0x00000007be300000,0x00000007bfd7baf8,0x00000007c0000000)
  to   space 32768K, 0% used [0x00000007bc000000,0x00000007bc000000,0x00000007be000000)
 ParOldGen       total 122368K, used 52763K [0x0000000740000000, 0x0000000747780000, 0x0000000795580000)
  object space 122368K, 43% used [0x0000000740000000,0x0000000743386e38,0x0000000747780000)
 Metaspace       used 64395K, capacity 71816K, committed 71976K, reserved 1107968K
  class space    used 10954K, capacity 14306K, committed 14384K, reserved 1048576K
Event: 1149.719 GC heap after
Heap after GC invocations=20 (full 3):
 PSYoungGen      total 666112K, used 32739K [0x0000000795580000, 0x00000007c0000000, 0x00000007c0000000)
  eden space 633344K, 0% used [0x0000000795580000,0x0000000795580000,0x00000007bc000000)
  from space 32768K, 99% used [0x00000007bc000000,0x00000007bdff8c10,0x00000007be000000)
  to   space 32768K, 0% used [0x00000007be000000,0x00000007be000000,0x00000007c0000000)
 ParOldGen       total 122368K, used 57445K [0x0000000740000000, 0x0000000747780000, 0x0000000795580000)
  object space 122368K, 46% used [0x0000000740000000,0x0000000743819648,0x0000000747780000)
 Metaspace       used 64395K, capacity 71816K, committed 71976K, reserved 1107968K
  class space    used 10954K, capacity 14306K, committed 14384K, reserved 1048576K
}
Event: 1231.456 GC heap before
{Heap before GC invocations=21 (full 3):
 PSYoungGen      total 666112K, used 663594K [0x0000000795580000, 0x00000007c0000000, 0x00000007c0000000)
  eden space 633344K, 99% used [0x0000000795580000,0x00000007bbd91f50,0x00000007bc000000)
  from space 32768K, 99% used [0x00000007bc000000,0x00000007bdff8c10,0x00000007be000000)
  to   space 32768K, 0% used [0x00000007be000000,0x00000007be000000,0x00000007c0000000)
 ParOldGen       total 122368K, used 57445K [0x0000000740000000, 0x0000000747780000, 0x0000000795580000)
  object space 122368K, 46% used [0x0000000740000000,0x0000000743819648,0x0000000747780000)
 Metaspace       used 65739K, capacity 73870K, committed 74024K, reserved 1107968K
  class space    used 11196K, capacity 14827K, committed 14896K, reserved 1048576K
Event: 1231.608 GC heap after
Heap after GC invocations=21 (full 3):
 PSYoungGen      total 633344K, used 32737K [0x0000000795580000, 0x00000007c0000000, 0x00000007c0000000)
  eden space 600576K, 0% used [0x0000000795580000,0x0000000795580000,0x00000007ba000000)
  from space 32768K, 99% used [0x00000007be000000,0x00000007bfff86f8,0x00000007c0000000)
  to   space 49152K, 0% used [0x00000007ba000000,0x00000007ba000000,0x00000007bd000000)
 ParOldGen       total 122368K, used 74689K [0x0000000740000000, 0x0000000747780000, 0x0000000795580000)
  object space 122368K, 61% used [0x0000000740000000,0x00000007448f06d8,0x0000000747780000)
 Metaspace       used 65739K, capacity 73870K, committed 74024K, reserved 1107968K
  class space    used 11196K, capacity 14827K, committed 14896K, reserved 1048576K
}
Event: 1289.730 GC heap before
{Heap before GC invocations=22 (full 3):
 PSYoungGen      total 633344K, used 631427K [0x0000000795580000, 0x00000007c0000000, 0x00000007c0000000)
  eden space 600576K, 99% used [0x0000000795580000,0x00000007b9e28620,0x00000007ba000000)
  from space 32768K, 99% used [0x00000007be000000,0x00000007bfff86f8,0x00000007c0000000)
  to   space 49152K, 0% used [0x00000007ba000000,0x00000007ba000000,0x00000007bd000000)
 ParOldGen       total 122368K, used 74689K [0x0000000740000000, 0x0000000747780000, 0x0000000795580000)
  object space 122368K, 61% used [0x0000000740000000,0x00000007448f06d8,0x0000000747780000)
 Metaspace       used 65761K, capacity 73876K, committed 74024K, reserved 1107968K
  class space    used 11196K, capacity 14828K, committed 14896K, reserved 1048576K
Event: 1289.750 GC heap after
Heap after GC invocations=22 (full 3):
 PSYoungGen      total 649728K, used 22296K [0x0000000795580000, 0x00000007c0000000, 0x00000007c0000000)
  eden space 600576K, 0% used [0x0000000795580000,0x0000000795580000,0x00000007ba000000)
  from space 49152K, 45% used [0x00000007ba000000,0x00000007bb5c6098,0x00000007bd000000)
  to   space 46592K, 0% used [0x00000007bd280000,0x00000007bd280000,0x00000007c0000000)
 ParOldGen       total 122368K, used 81138K [0x0000000740000000, 0x0000000747780000, 0x0000000795580000)
  object space 122368K, 66% used [0x0000000740000000,0x0000000744f3c898,0x0000000747780000)
 Metaspace       used 65761K, capacity 73876K, committed 74024K, reserved 1107968K
  class space    used 11196K, capacity 14828K, committed 14896K, reserved 1048576K
}
Event: 49377.358 GC heap before
{Heap before GC invocations=23 (full 3):
 PSYoungGen      total 649728K, used 622872K [0x0000000795580000, 0x00000007c0000000, 0x00000007c0000000)
  eden space 600576K, 100% used [0x0000000795580000,0x00000007ba000000,0x00000007ba000000)
  from space 49152K, 45% used [0x00000007ba000000,0x00000007bb5c6098,0x00000007bd000000)
  to   space 46592K, 0% used [0x00000007bd280000,0x00000007bd280000,0x00000007c0000000)
 ParOldGen       total 122368K, used 81138K [0x0000000740000000, 0x0000000747780000, 0x0000000795580000)
  object space 122368K, 66% used [0x0000000740000000,0x0000000744f3c898,0x0000000747780000)
 Metaspace       used 66656K, capacity 75370K, committed 75560K, reserved 1110016K
  class space    used 11332K, capacity 15299K, committed 15408K, reserved 1048576K
Event: 49377.480 GC heap after
Heap after GC invocations=23 (full 3):
 PSYoungGen      total 613888K, used 39952K [0x0000000795580000, 0x00000007bfa00000, 0x00000007c0000000)
  eden space 573440K, 0% used [0x0000000795580000,0x0000000795580000,0x00000007b8580000)
  from space 40448K, 98% used [0x00000007bd280000,0x00000007bf9841b0,0x00000007bfa00000)
  to   space 51200K, 0% used [0x00000007b9600000,0x00000007b9600000,0x00000007bc800000)
 ParOldGen       total 122368K, used 81146K [0x0000000740000000, 0x0000000747780000, 0x0000000795580000)
  object space 122368K, 66% used [0x0000000740000000,0x0000000744f3e898,0x0000000747780000)
 Metaspace       used 66656K, capacity 75370K, committed 75560K, reserved 1110016K
  class space    used 11332K, capacity 15299K, committed 15408K, reserved 1048576K
}

